[debug] [2021-09-03T10:03:03.416Z] ----------------------------------------------------------------------
[debug] [2021-09-03T10:03:03.417Z] Command:       C:\Program Files\nodejs\node.exe C:\Users\gilles.pelegrin@cegeka.com\AppData\Roaming\npm\node_modules\firebase-tools\lib\bin\firebase.js init hosting
[debug] [2021-09-03T10:03:03.417Z] CLI Version:   9.17.0
[debug] [2021-09-03T10:03:03.417Z] Platform:      win32
[debug] [2021-09-03T10:03:03.417Z] Node Version:  v14.17.1
[debug] [2021-09-03T10:03:03.418Z] Time:          Fri Sep 03 2021 12:03:03 GMT+0200 (Central European Summer Time)
[debug] [2021-09-03T10:03:03.418Z] ----------------------------------------------------------------------
[debug] 
[debug] [2021-09-03T10:03:03.423Z] > command requires scopes: ["email","openid","https://www.googleapis.com/auth/cloudplatformprojects.readonly","https://www.googleapis.com/auth/firebase","https://www.googleapis.com/auth/cloud-platform"]
[debug] [2021-09-03T10:03:03.423Z] > authorizing via signed-in user (gillespelegrin@gmail.com)
[info] 
     ######## #### ########  ######## ########     ###     ######  ########
     ##        ##  ##     ## ##       ##     ##  ##   ##  ##       ##
     ######    ##  ########  ######   ########  #########  ######  ######
     ##        ##  ##    ##  ##       ##     ## ##     ##       ## ##
     ##       #### ##     ## ######## ########  ##     ##  ######  ########

You're about to initialize a Firebase project in this directory:

  C:\Project\WeekMenu

Before we get started, keep in mind:

  * You are currently outside your home directory

[info] 
=== Project Setup
[info] 
[info] First, let's associate this project directory with a Firebase project.
[info] You can create multiple project aliases by running firebase use --add, 
[info] but for now we'll just set up a default project.
[info] 
[debug] [2021-09-03T10:03:20.017Z] >>> [apiv2][query] GET https://firebase.googleapis.com/v1beta1/projects pageSize=100
[debug] [2021-09-03T10:03:20.315Z] <<< [apiv2][status] GET https://firebase.googleapis.com/v1beta1/projects 200
[debug] [2021-09-03T10:03:20.315Z] <<< [apiv2][body] GET https://firebase.googleapis.com/v1beta1/projects [omitted]
[info] i  Using project weekmenu-f6c98 (WeekMenu) 
[info] 
=== Hosting Setup
[info] 
[info] Your public directory is the folder (relative to your project directory) that
[info] will contain Hosting assets to be uploaded with firebase deploy. If you
[info] have a build process for your assets, use your build's output directory.
[info] 
[debug] [2021-09-03T10:03:43.450Z] >>> [apiv2][query] GET https://www.gstatic.com/firebasejs/releases.json [none]
[debug] [2021-09-03T10:03:43.564Z] <<< [apiv2][status] GET https://www.gstatic.com/firebasejs/releases.json 200
[debug] [2021-09-03T10:03:43.564Z] <<< [apiv2][body] GET https://www.gstatic.com/firebasejs/releases.json {"current":{"version":"9.0.1","browserURL":"https://www.gstatic.com/firebasejs/9.0.1/firebase.js","packageURL":"https://www.gstatic.com/firebasejs/9.0.1/firebase.tgz"},"live":{"version":"9.0","browserURL":"https://www.gstatic.com/firebasejs/live/9.0/firebase.js","packageURL":"https://www.gstatic.com/firebasejs/live/9.0/firebase.tgz"},"components":{"analytics":"https://www.gstatic.com/firebasejs/9.0.1/firebase-analytics.js","app":"https://www.gstatic.com/firebasejs/9.0.1/firebase-app.js","app-check":"https://www.gstatic.com/firebasejs/9.0.1/firebase-app-check.js","auth":"https://www.gstatic.com/firebasejs/9.0.1/firebase-auth.js","auth/cordova":"https://www.gstatic.com/firebasejs/9.0.1/firebase-auth/cordova.js","auth/react-native":"https://www.gstatic.com/firebasejs/9.0.1/firebase-auth/react-native.js","functions":"https://www.gstatic.com/firebasejs/9.0.1/firebase-functions.js","firestore":"https://www.gstatic.com/firebasejs/9.0.1/firebase-firestore.js","firestore/lite":"https://www.gstatic.com/firebasejs/9.0.1/firebase-firestore/lite.js","storage":"https://www.gstatic.com/firebasejs/9.0.1/firebase-storage.js","performance":"https://www.gstatic.com/firebasejs/9.0.1/firebase-performance.js","remote-config":"https://www.gstatic.com/firebasejs/9.0.1/firebase-remote-config.js","messaging":"https://www.gstatic.com/firebasejs/9.0.1/firebase-messaging.js","messaging/sw":"https://www.gstatic.com/firebasejs/9.0.1/firebase-messaging/sw.js","database":"https://www.gstatic.com/firebasejs/9.0.1/firebase-database.js","firestore.memory":"https://www.gstatic.com/firebasejs/9.0.1/firebase-firestore.memory.js"}}
[info] +  Wrote public/index.html 
[info] 
[info] i  Didn't detect a .git folder. Assuming C:\Project\WeekMenu is the project root. 
[info] i  Authorizing with GitHub to upload your service account to a GitHub repository's secrets store. 
[info] 
[info] Visit this URL on this device to log in:
[info] https://github.com/login/oauth/authorize?client_id=89cf50f02ac6aaed3484&state=761492111&redirect_uri=http%3A%2F%2Flocalhost%3A9005&scope=read%3Auser%20repo%20public_repo
[info] 
[info] Waiting for authentication...
[debug] [2021-09-03T10:04:04.429Z] >>> HTTP REQUEST POST https://github.com/login/oauth/access_token  
 {"client_id":"89cf50f02ac6aaed3484","client_secret":"3330d14abc895d9a74d5f17cd7a00711fa2c5bf0","code":"47ce2d7a478d391a2fbe","redirect_uri":"http://localhost:9005","state":"761492111"}
[debug] [2021-09-03T10:04:04.728Z] <<< HTTP RESPONSE 200 {"server":"GitHub.com","date":"Fri, 03 Sep 2021 10:04:04 GMT","content-type":"application/json; charset=utf-8","transfer-encoding":"chunked","vary":"X-PJAX, X-PJAX-Container, Accept-Encoding, Accept, X-Requested-With","permissions-policy":"interest-cohort=()","etag":"W/\"7419c25d14277f860de6ddceef59545f\"","cache-control":"max-age=0, private, must-revalidate","strict-transport-security":"max-age=31536000; includeSubdomains; preload","x-frame-options":"deny","x-content-type-options":"nosniff","x-xss-protection":"0","referrer-policy":"origin-when-cross-origin, strict-origin-when-cross-origin","expect-ct":"max-age=2592000, report-uri=\"https://api.github.com/_private/browser/errors\"","content-security-policy":"default-src 'none'; base-uri 'self'; block-all-mixed-content; connect-src 'self' uploads.github.com www.githubstatus.com collector.githubapp.com api.github.com github-cloud.s3.amazonaws.com github-production-repository-file-5c1aeb.s3.amazonaws.com github-production-upload-manifest-file-7fdce7.s3.amazonaws.com github-production-user-asset-6210df.s3.amazonaws.com cdn.optimizely.com logx.optimizely.com/v1/events translator.github.com wss://alive.github.com; font-src github.githubassets.com; form-action 'self' github.com gist.github.com; frame-ancestors 'none'; frame-src render.githubusercontent.com viewscreen.githubusercontent.com; img-src 'self' data: github.githubassets.com identicons.github.com collector.githubapp.com github-cloud.s3.amazonaws.com secured-user-images.githubusercontent.com/ *.githubusercontent.com; manifest-src 'self'; media-src 'none'; script-src github.githubassets.com; style-src 'unsafe-inline' github.githubassets.com; worker-src github.com/socket-worker-b05e50fc.js gist.github.com/socket-worker-b05e50fc.js","x-github-request-id":"DBA9:EF95:9E141:A8D09:6131F314"}
[debug] [2021-09-03T10:04:04.734Z] >>> [apiv2][query] GET https://api.github.com/user [none]
[debug] [2021-09-03T10:04:05.157Z] <<< [apiv2][status] GET https://api.github.com/user 200
[debug] [2021-09-03T10:04:05.157Z] <<< [apiv2][body] GET https://api.github.com/user {"login":"GillesPelegrin","id":15147001,"node_id":"MDQ6VXNlcjE1MTQ3MDAx","avatar_url":"https://avatars.githubusercontent.com/u/15147001?v=4","gravatar_id":"","url":"https://api.github.com/users/GillesPelegrin","html_url":"https://github.com/GillesPelegrin","followers_url":"https://api.github.com/users/GillesPelegrin/followers","following_url":"https://api.github.com/users/GillesPelegrin/following{/other_user}","gists_url":"https://api.github.com/users/GillesPelegrin/gists{/gist_id}","starred_url":"https://api.github.com/users/GillesPelegrin/starred{/owner}{/repo}","subscriptions_url":"https://api.github.com/users/GillesPelegrin/subscriptions","organizations_url":"https://api.github.com/users/GillesPelegrin/orgs","repos_url":"https://api.github.com/users/GillesPelegrin/repos","events_url":"https://api.github.com/users/GillesPelegrin/events{/privacy}","received_events_url":"https://api.github.com/users/GillesPelegrin/received_events","type":"User","site_admin":false,"name":"Gilles Pelegrin","company":null,"blog":"","location":"Belgium","email":null,"hireable":true,"bio":null,"twitter_username":null,"public_repos":5,"public_gists":0,"followers":1,"following":1,"created_at":"2015-10-15T18:46:10Z","updated_at":"2021-09-03T10:03:51Z","private_gists":0,"total_private_repos":3,"owned_private_repos":3,"disk_usage":5025,"collaborators":0,"two_factor_authentication":false,"plan":{"name":"free","space":976562499,"collaborators":0,"private_repos":10000}}
[info] 
[info] +  Success! Logged into GitHub as GillesPelegrin 
[info] 
